cl : linha de comando warning D9035: opção 'Gm' foi preterida e será removida em uma versão futura
  Run-time-stats-utils.c
  tasks.c
  queue.c
  port.c
  list.c
  main.c
  example.c
C:\Users\rene-\OneDrive\Documentos\Milena\7 SEMESTRE\Sistemas de Computação\Sistemas-de-Computacao\FreeRTOS_PUCPR\FreeRTOS\Demo\WIN32-MSVC-Exemplo_18 - Semaforos\example.c(35,19): warning C4100: 'pvParameters': parâmetro formal não referenciado
C:\Users\rene-\OneDrive\Documentos\Milena\7 SEMESTRE\Sistemas de Computação\Sistemas-de-Computacao\FreeRTOS_PUCPR\FreeRTOS\Demo\WIN32-MSVC-Exemplo_18 - Semaforos\example.c(73,19): warning C4100: 'pvParameters': parâmetro formal não referenciado
  basic_io.c
  timers.c
  heap_5.c
C:\Users\rene-\OneDrive\Documentos\Milena\7 SEMESTRE\Sistemas de Computação\Sistemas-de-Computacao\FreeRTOS_PUCPR\FreeRTOS\Source\portable\MemMang\heap_5.c(344,6): warning C4146: operador menos unário aplicado a tipo unsigned, resultado permanece unsigned
  event_groups.c
  croutine.c
  trcUser.c
  trcKernelPort.c
C:\Users\rene-\OneDrive\Documentos\Milena\7 SEMESTRE\Sistemas de Computação\Sistemas-de-Computacao\FreeRTOS_PUCPR\FreeRTOS-Plus\Source\FreeRTOS-Plus-Trace\trcKernelPort.c(121,74): warning C4305: '=': truncamento de 'int' para 'objectHandleType'
  trcKernel.c
  trcHardwarePort.c
  trcBase.c
  Gerando Código...
C:\Users\rene-\OneDrive\Documentos\Milena\7 SEMESTRE\Sistemas de Computação\Sistemas-de-Computacao\FreeRTOS_PUCPR\FreeRTOS\Demo\WIN32-MSVC-Exemplo_18 - Semaforos\example.c(70): warning C4702: código inacessível
C:\Users\rene-\OneDrive\Documentos\Milena\7 SEMESTRE\Sistemas de Computação\Sistemas-de-Computacao\FreeRTOS_PUCPR\FreeRTOS\Demo\WIN32-MSVC-Exemplo_18 - Semaforos\example.c(32): warning C4702: código inacessível
C:\Users\rene-\OneDrive\Documentos\Milena\7 SEMESTRE\Sistemas de Computação\Sistemas-de-Computacao\FreeRTOS_PUCPR\FreeRTOS\Demo\WIN32-MSVC-Exemplo_18 - Semaforos\example.c(106): warning C4702: código inacessível
  WIN32.vcxproj -> C:\Users\rene-\OneDrive\Documentos\Milena\7 SEMESTRE\Sistemas de Computação\Sistemas-de-Computacao\FreeRTOS_PUCPR\FreeRTOS\Demo\WIN32-MSVC-Exemplo_18 - Semaforos\Debug\Exemplo_18.exe
